{"C:\\Users\\edils\\OneDrive\\Documentos\\code\\flutter-apps\\stockup-mobile\\backend\\src\\app.controller.ts": {"path":"C:\\Users\\edils\\OneDrive\\Documentos\\code\\flutter-apps\\stockup-mobile\\backend\\src\\app.controller.ts","statementMap":{"0":{"start":{"line":1,"column":0},"end":{"line":1,"column":49}},"1":{"start":{"line":2,"column":0},"end":{"line":2,"column":43}},"2":{"start":{"line":5,"column":7},"end":{"line":12,"column":null}},"3":{"start":{"line":6,"column":31},"end":{"line":6,"column":43}},"4":{"start":{"line":10,"column":4},"end":{"line":10,"column":38}},"5":{"start":{"line":5,"column":13},"end":{"line":5,"column":26}},"6":{"start":{"line":9,"column":2},"end":{"line":11,"column":null}},"7":{"start":{"line":5,"column":13},"end":{"line":12,"column":null}}},"fnMap":{"0":{"name":"(anonymous_2)","decl":{"start":{"line":6,"column":2},"end":{"line":6,"column":31}},"loc":{"start":{"line":6,"column":53},"end":{"line":6,"column":57}}},"1":{"name":"(anonymous_3)","decl":{"start":{"line":9,"column":2},"end":{"line":9,"column":10}},"loc":{"start":{"line":9,"column":10},"end":{"line":11,"column":3}}}},"branchMap":{"0":{"loc":{"start":{"line":6,"column":43},"end":{"line":6,"column":56}},"type":"cond-expr","locations":[{"start":{"line":6,"column":53},"end":{"line":6,"column":56}},{"start":{"line":6,"column":53},"end":{"line":6,"column":56}}]},"1":{"loc":{"start":{"line":6,"column":43},"end":{"line":6,"column":53}},"type":"binary-expr","locations":[{"start":{"line":6,"column":43},"end":{"line":6,"column":56}},{"start":{"line":6,"column":43},"end":{"line":6,"column":53}}]}},"s":{"0":1,"1":1,"2":1,"3":1,"4":1,"5":1,"6":1,"7":1},"f":{"0":1,"1":1},"b":{"0":[1,0],"1":[1,1]}}
,"C:\\Users\\edils\\OneDrive\\Documentos\\code\\flutter-apps\\stockup-mobile\\backend\\src\\app.module.ts": {"path":"C:\\Users\\edils\\OneDrive\\Documentos\\code\\flutter-apps\\stockup-mobile\\backend\\src\\app.module.ts","statementMap":{"0":{"start":{"line":1,"column":0},"end":{"line":1,"column":40}},"1":{"start":{"line":2,"column":0},"end":{"line":2,"column":49}},"2":{"start":{"line":3,"column":0},"end":{"line":3,"column":43}},"3":{"start":{"line":4,"column":0},"end":{"line":4,"column":59}},"4":{"start":{"line":5,"column":0},"end":{"line":5,"column":48}},"5":{"start":{"line":6,"column":0},"end":{"line":6,"column":61}},"6":{"start":{"line":28,"column":7},"end":{"line":28,"column":null}},"7":{"start":{"line":28,"column":13},"end":{"line":28,"column":22}},"8":{"start":{"line":28,"column":13},"end":{"line":28,"column":null}},"9":{"start":{"line":16,"column":53},"end":{"line":21,"column":8}}},"fnMap":{"0":{"name":"(anonymous_1)","decl":{"start":{"line":16,"column":18},"end":{"line":16,"column":19}},"loc":{"start":{"line":16,"column":53},"end":{"line":21,"column":8}}}},"branchMap":{},"s":{"0":0,"1":0,"2":0,"3":0,"4":0,"5":0,"6":0,"7":0,"8":0,"9":0},"f":{"0":0},"b":{}}
,"C:\\Users\\edils\\OneDrive\\Documentos\\code\\flutter-apps\\stockup-mobile\\backend\\src\\app.service.ts": {"path":"C:\\Users\\edils\\OneDrive\\Documentos\\code\\flutter-apps\\stockup-mobile\\backend\\src\\app.service.ts","statementMap":{"0":{"start":{"line":1,"column":0},"end":{"line":1,"column":44}},"1":{"start":{"line":4,"column":7},"end":{"line":8,"column":null}},"2":{"start":{"line":6,"column":4},"end":{"line":6,"column":26}},"3":{"start":{"line":4,"column":13},"end":{"line":4,"column":23}},"4":{"start":{"line":4,"column":13},"end":{"line":8,"column":null}}},"fnMap":{"0":{"name":"(anonymous_1)","decl":{"start":{"line":5,"column":2},"end":{"line":5,"column":10}},"loc":{"start":{"line":5,"column":10},"end":{"line":7,"column":3}}}},"branchMap":{},"s":{"0":1,"1":1,"2":1,"3":1,"4":1},"f":{"0":1},"b":{}}
,"C:\\Users\\edils\\OneDrive\\Documentos\\code\\flutter-apps\\stockup-mobile\\backend\\src\\main.ts": {"path":"C:\\Users\\edils\\OneDrive\\Documentos\\code\\flutter-apps\\stockup-mobile\\backend\\src\\main.ts","statementMap":{"0":{"start":{"line":1,"column":0},"end":{"line":1,"column":43}},"1":{"start":{"line":2,"column":0},"end":{"line":2,"column":41}},"2":{"start":{"line":3,"column":0},"end":{"line":3,"column":48}},"3":{"start":{"line":4,"column":0},"end":{"line":4,"column":65}},"4":{"start":{"line":7,"column":14},"end":{"line":7,"column":49}},"5":{"start":{"line":10,"column":2},"end":{"line":17,"column":4}},"6":{"start":{"line":20,"column":17},"end":{"line":27,"column":12}},"7":{"start":{"line":29,"column":19},"end":{"line":29,"column":60}},"8":{"start":{"line":31,"column":2},"end":{"line":31,"column":44}},"9":{"start":{"line":33,"column":2},"end":{"line":33,"column":45}},"10":{"start":{"line":35,"column":0},"end":{"line":35,"column":17}}},"fnMap":{"0":{"name":"bootstrap","decl":{"start":{"line":6,"column":15},"end":{"line":6,"column":24}},"loc":{"start":{"line":6,"column":24},"end":{"line":34,"column":1}}}},"branchMap":{"0":{"loc":{"start":{"line":33,"column":19},"end":{"line":33,"column":43}},"type":"binary-expr","locations":[{"start":{"line":33,"column":19},"end":{"line":33,"column":35}},{"start":{"line":33,"column":39},"end":{"line":33,"column":43}}]}},"s":{"0":0,"1":0,"2":0,"3":0,"4":0,"5":0,"6":0,"7":0,"8":0,"9":0,"10":0},"f":{"0":0},"b":{"0":[0,0]}}
,"C:\\Users\\edils\\OneDrive\\Documentos\\code\\flutter-apps\\stockup-mobile\\backend\\src\\enum\\errors-global.enum.ts": {"path":"C:\\Users\\edils\\OneDrive\\Documentos\\code\\flutter-apps\\stockup-mobile\\backend\\src\\enum\\errors-global.enum.ts","statementMap":{"0":{"start":{"line":1,"column":0},"end":{"line":1,"column":null}},"1":{"start":{"line":2,"column":2},"end":{"line":2,"column":null}}},"fnMap":{"0":{"name":"(anonymous_0)","decl":{"start":{"line":1,"column":0},"end":{"line":1,"column":12}},"loc":{"start":{"line":1,"column":25},"end":{"line":3,"column":1}}}},"branchMap":{"0":{"loc":{"start":{"line":1,"column":12},"end":{"line":1,"column":null}},"type":"binary-expr","locations":[{"start":{"line":1,"column":12},"end":{"line":1,"column":25}},{"start":{"line":1,"column":25},"end":{"line":1,"column":null}}]}},"s":{"0":1,"1":1},"f":{"0":1},"b":{"0":[1,1]}}
,"C:\\Users\\edils\\OneDrive\\Documentos\\code\\flutter-apps\\stockup-mobile\\backend\\src\\modules\\users\\users.controller.ts": {"path":"C:\\Users\\edils\\OneDrive\\Documentos\\code\\flutter-apps\\stockup-mobile\\backend\\src\\modules\\users\\users.controller.ts","statementMap":{"0":{"start":{"line":1,"column":0},"end":{"line":1,"column":null}},"1":{"start":{"line":11,"column":0},"end":{"line":11,"column":54}},"2":{"start":{"line":12,"column":0},"end":{"line":12,"column":69}},"3":{"start":{"line":15,"column":0},"end":{"line":15,"column":47}},"4":{"start":{"line":16,"column":0},"end":{"line":16,"column":60}},"5":{"start":{"line":20,"column":7},"end":{"line":69,"column":null}},"6":{"start":{"line":22,"column":46},"end":{"line":22,"column":73}},"7":{"start":{"line":33,"column":4},"end":{"line":33,"column":61}},"8":{"start":{"line":44,"column":4},"end":{"line":44,"column":64}},"9":{"start":{"line":49,"column":4},"end":{"line":49,"column":50}},"10":{"start":{"line":63,"column":4},"end":{"line":63,"column":63}},"11":{"start":{"line":67,"column":4},"end":{"line":67,"column":56}},"12":{"start":{"line":20,"column":13},"end":{"line":20,"column":28}},"13":{"start":{"line":32,"column":8},"end":{"line":34,"column":null}},"14":{"start":{"line":43,"column":8},"end":{"line":45,"column":null}},"15":{"start":{"line":48,"column":8},"end":{"line":50,"column":null}},"16":{"start":{"line":60,"column":8},"end":{"line":64,"column":null}},"17":{"start":{"line":20,"column":13},"end":{"line":69,"column":null}}},"fnMap":{"0":{"name":"(anonymous_4)","decl":{"start":{"line":21,"column":2},"end":{"line":21,"column":null}},"loc":{"start":{"line":22,"column":73},"end":{"line":23,"column":6}}},"1":{"name":"(anonymous_5)","decl":{"start":{"line":32,"column":8},"end":{"line":32,"column":18}},"loc":{"start":{"line":32,"column":55},"end":{"line":34,"column":3}}},"2":{"name":"(anonymous_6)","decl":{"start":{"line":43,"column":8},"end":{"line":43,"column":26}},"loc":{"start":{"line":43,"column":51},"end":{"line":45,"column":3}}},"3":{"name":"(anonymous_7)","decl":{"start":{"line":48,"column":8},"end":{"line":48,"column":20}},"loc":{"start":{"line":48,"column":20},"end":{"line":50,"column":3}}},"4":{"name":"(anonymous_8)","decl":{"start":{"line":60,"column":8},"end":{"line":60,"column":25}},"loc":{"start":{"line":61,"column":39},"end":{"line":64,"column":3}}},"5":{"name":"(anonymous_9)","decl":{"start":{"line":66,"column":2},"end":{"line":66,"column":7}},"loc":{"start":{"line":66,"column":35},"end":{"line":68,"column":3}}}},"branchMap":{"0":{"loc":{"start":{"line":32,"column":42},"end":{"line":32,"column":58}},"type":"cond-expr","locations":[{"start":{"line":32,"column":55},"end":{"line":32,"column":58}},{"start":{"line":32,"column":55},"end":{"line":32,"column":58}}]},"1":{"loc":{"start":{"line":32,"column":42},"end":{"line":32,"column":55}},"type":"binary-expr","locations":[{"start":{"line":32,"column":42},"end":{"line":32,"column":58}},{"start":{"line":32,"column":42},"end":{"line":32,"column":55}}]},"2":{"loc":{"start":{"line":32,"column":58},"end":{"line":32,"column":null}},"type":"cond-expr","locations":[{"start":{"line":32,"column":65},"end":{"line":32,"column":null}},{"start":{"line":32,"column":65},"end":{"line":32,"column":null}}]},"3":{"loc":{"start":{"line":32,"column":58},"end":{"line":32,"column":65}},"type":"binary-expr","locations":[{"start":{"line":32,"column":58},"end":{"line":32,"column":null}},{"start":{"line":32,"column":58},"end":{"line":32,"column":65}}]},"4":{"loc":{"start":{"line":43,"column":54},"end":{"line":43,"column":null}},"type":"cond-expr","locations":[{"start":{"line":43,"column":61},"end":{"line":43,"column":null}},{"start":{"line":43,"column":61},"end":{"line":43,"column":null}}]},"5":{"loc":{"start":{"line":43,"column":54},"end":{"line":43,"column":61}},"type":"binary-expr","locations":[{"start":{"line":43,"column":54},"end":{"line":43,"column":null}},{"start":{"line":43,"column":54},"end":{"line":43,"column":61}}]},"6":{"loc":{"start":{"line":48,"column":24},"end":{"line":48,"column":null}},"type":"cond-expr","locations":[{"start":{"line":48,"column":31},"end":{"line":48,"column":null}},{"start":{"line":48,"column":31},"end":{"line":48,"column":null}}]},"7":{"loc":{"start":{"line":48,"column":24},"end":{"line":48,"column":31}},"type":"binary-expr","locations":[{"start":{"line":48,"column":24},"end":{"line":48,"column":null}},{"start":{"line":48,"column":24},"end":{"line":48,"column":31}}]},"8":{"loc":{"start":{"line":62,"column":5},"end":{"line":62,"column":null}},"type":"cond-expr","locations":[{"start":{"line":62,"column":12},"end":{"line":62,"column":null}},{"start":{"line":62,"column":12},"end":{"line":62,"column":null}}]},"9":{"loc":{"start":{"line":62,"column":5},"end":{"line":62,"column":12}},"type":"binary-expr","locations":[{"start":{"line":62,"column":5},"end":{"line":62,"column":null}},{"start":{"line":62,"column":5},"end":{"line":62,"column":12}}]}},"s":{"0":1,"1":1,"2":1,"3":1,"4":1,"5":1,"6":5,"7":1,"8":1,"9":1,"10":1,"11":1,"12":1,"13":1,"14":1,"15":1,"16":1,"17":1},"f":{"0":5,"1":1,"2":1,"3":1,"4":1,"5":1},"b":{"0":[1,0],"1":[1,1],"2":[1,0],"3":[1,1],"4":[1,0],"5":[1,1],"6":[1,0],"7":[1,1],"8":[1,0],"9":[1,1]}}
,"C:\\Users\\edils\\OneDrive\\Documentos\\code\\flutter-apps\\stockup-mobile\\backend\\src\\modules\\users\\users.module.ts": {"path":"C:\\Users\\edils\\OneDrive\\Documentos\\code\\flutter-apps\\stockup-mobile\\backend\\src\\modules\\users\\users.module.ts","statementMap":{"0":{"start":{"line":1,"column":0},"end":{"line":1,"column":40}},"1":{"start":{"line":2,"column":0},"end":{"line":2,"column":53}},"2":{"start":{"line":3,"column":0},"end":{"line":3,"column":47}},"3":{"start":{"line":4,"column":0},"end":{"line":4,"column":48}},"4":{"start":{"line":5,"column":0},"end":{"line":5,"column":46}},"5":{"start":{"line":6,"column":0},"end":{"line":6,"column":53}},"6":{"start":{"line":16,"column":7},"end":{"line":16,"column":null}},"7":{"start":{"line":16,"column":13},"end":{"line":16,"column":24}},"8":{"start":{"line":16,"column":13},"end":{"line":16,"column":null}}},"fnMap":{},"branchMap":{},"s":{"0":0,"1":0,"2":0,"3":0,"4":0,"5":0,"6":0,"7":0,"8":0},"f":{},"b":{}}
,"C:\\Users\\edils\\OneDrive\\Documentos\\code\\flutter-apps\\stockup-mobile\\backend\\src\\modules\\users\\users.repository.ts": {"path":"C:\\Users\\edils\\OneDrive\\Documentos\\code\\flutter-apps\\stockup-mobile\\backend\\src\\modules\\users\\users.repository.ts","statementMap":{"0":{"start":{"line":1,"column":0},"end":{"line":1,"column":74}},"1":{"start":{"line":4,"column":0},"end":{"line":4,"column":51}},"2":{"start":{"line":5,"column":0},"end":{"line":5,"column":46}},"3":{"start":{"line":6,"column":0},"end":{"line":6,"column":37}},"4":{"start":{"line":7,"column":0},"end":{"line":7,"column":47}},"5":{"start":{"line":8,"column":0},"end":{"line":8,"column":62}},"6":{"start":{"line":11,"column":7},"end":{"line":60,"column":null}},"7":{"start":{"line":13,"column":45},"end":{"line":13,"column":57}},"8":{"start":{"line":17,"column":4},"end":{"line":25,"column":5}},"9":{"start":{"line":18,"column":25},"end":{"line":18,"column":52}},"10":{"start":{"line":20,"column":6},"end":{"line":20,"column":39}},"11":{"start":{"line":22,"column":6},"end":{"line":22,"column":36}},"12":{"start":{"line":24,"column":6},"end":{"line":24,"column":73}},"13":{"start":{"line":29,"column":4},"end":{"line":42,"column":5}},"14":{"start":{"line":30,"column":37},"end":{"line":37,"column":8}},"15":{"start":{"line":39,"column":6},"end":{"line":39,"column":47}},"16":{"start":{"line":41,"column":6},"end":{"line":41,"column":73}},"17":{"start":{"line":46,"column":4},"end":{"line":58,"column":5}},"18":{"start":{"line":47,"column":6},"end":{"line":55,"column":9}},"19":{"start":{"line":57,"column":6},"end":{"line":57,"column":73}},"20":{"start":{"line":11,"column":13},"end":{"line":11,"column":28}},"21":{"start":{"line":11,"column":13},"end":{"line":60,"column":null}}},"fnMap":{"0":{"name":"(anonymous_4)","decl":{"start":{"line":12,"column":2},"end":{"line":12,"column":null}},"loc":{"start":{"line":13,"column":73},"end":{"line":14,"column":6}}},"1":{"name":"(anonymous_5)","decl":{"start":{"line":16,"column":2},"end":{"line":16,"column":7}},"loc":{"start":{"line":16,"column":37},"end":{"line":26,"column":3}}},"2":{"name":"(anonymous_6)","decl":{"start":{"line":28,"column":2},"end":{"line":28,"column":7}},"loc":{"start":{"line":28,"column":20},"end":{"line":43,"column":3}}},"3":{"name":"(anonymous_7)","decl":{"start":{"line":45,"column":2},"end":{"line":45,"column":7}},"loc":{"start":{"line":45,"column":42},"end":{"line":59,"column":3}}}},"branchMap":{"0":{"loc":{"start":{"line":39,"column":13},"end":{"line":39,"column":46}},"type":"cond-expr","locations":[{"start":{"line":39,"column":34},"end":{"line":39,"column":38}},{"start":{"line":39,"column":41},"end":{"line":39,"column":46}}]},"1":{"loc":{"start":{"line":13,"column":57},"end":{"line":13,"column":73}},"type":"cond-expr","locations":[{"start":{"line":13,"column":67},"end":{"line":13,"column":73}},{"start":{"line":13,"column":67},"end":{"line":13,"column":73}}]},"2":{"loc":{"start":{"line":13,"column":57},"end":{"line":13,"column":67}},"type":"binary-expr","locations":[{"start":{"line":13,"column":57},"end":{"line":13,"column":73}},{"start":{"line":13,"column":57},"end":{"line":13,"column":67}}]}},"s":{"0":1,"1":1,"2":1,"3":1,"4":1,"5":1,"6":1,"7":8,"8":2,"9":2,"10":2,"11":1,"12":1,"13":3,"14":3,"15":2,"16":1,"17":3,"18":3,"19":1,"20":1,"21":1},"f":{"0":8,"1":2,"2":3,"3":3},"b":{"0":[1,1],"1":[1,0],"2":[1,1]}}
,"C:\\Users\\edils\\OneDrive\\Documentos\\code\\flutter-apps\\stockup-mobile\\backend\\src\\modules\\users\\users.service.ts": {"path":"C:\\Users\\edils\\OneDrive\\Documentos\\code\\flutter-apps\\stockup-mobile\\backend\\src\\modules\\users\\users.service.ts","statementMap":{"0":{"start":{"line":1,"column":0},"end":{"line":1,"column":null}},"1":{"start":{"line":12,"column":0},"end":{"line":12,"column":45}},"2":{"start":{"line":13,"column":0},"end":{"line":13,"column":47}},"3":{"start":{"line":15,"column":0},"end":{"line":15,"column":54}},"4":{"start":{"line":18,"column":7},"end":{"line":102,"column":null}},"5":{"start":{"line":21,"column":21},"end":{"line":21,"column":54}},"6":{"start":{"line":25,"column":4},"end":{"line":25,"column":51}},"7":{"start":{"line":26,"column":4},"end":{"line":26,"column":54}},"8":{"start":{"line":30,"column":4},"end":{"line":30,"column":41}},"9":{"start":{"line":32,"column":6},"end":{"line":32,"column":60}},"10":{"start":{"line":33,"column":4},"end":{"line":35,"column":5}},"11":{"start":{"line":34,"column":6},"end":{"line":34,"column":58}},"12":{"start":{"line":39,"column":4},"end":{"line":39,"column":41}},"13":{"start":{"line":40,"column":4},"end":{"line":40,"column":41}},"14":{"start":{"line":41,"column":4},"end":{"line":44,"column":6}},"15":{"start":{"line":48,"column":4},"end":{"line":55,"column":7}},"16":{"start":{"line":59,"column":4},"end":{"line":62,"column":6}},"17":{"start":{"line":67,"column":6},"end":{"line":67,"column":47}},"18":{"start":{"line":68,"column":4},"end":{"line":70,"column":5}},"19":{"start":{"line":69,"column":6},"end":{"line":69,"column":59}},"20":{"start":{"line":71,"column":4},"end":{"line":71,"column":21}},"21":{"start":{"line":75,"column":4},"end":{"line":75,"column":41}},"22":{"start":{"line":76,"column":4},"end":{"line":79,"column":6}},"23":{"start":{"line":84,"column":6},"end":{"line":84,"column":60}},"24":{"start":{"line":85,"column":4},"end":{"line":87,"column":5}},"25":{"start":{"line":86,"column":6},"end":{"line":86,"column":58}},"26":{"start":{"line":88,"column":4},"end":{"line":88,"column":24}},"27":{"start":{"line":92,"column":4},"end":{"line":92,"column":41}},"28":{"start":{"line":93,"column":4},"end":{"line":93,"column":41}},"29":{"start":{"line":94,"column":4},"end":{"line":94,"column":59}},"30":{"start":{"line":98,"column":4},"end":{"line":100,"column":5}},"31":{"start":{"line":99,"column":6},"end":{"line":99,"column":62}},"32":{"start":{"line":18,"column":13},"end":{"line":18,"column":25}},"33":{"start":{"line":18,"column":13},"end":{"line":102,"column":null}}},"fnMap":{"0":{"name":"(anonymous_13)","decl":{"start":{"line":19,"column":2},"end":{"line":19,"column":null}},"loc":{"start":{"line":21,"column":54},"end":{"line":22,"column":6}}},"1":{"name":"(anonymous_14)","decl":{"start":{"line":24,"column":2},"end":{"line":24,"column":7}},"loc":{"start":{"line":24,"column":37},"end":{"line":27,"column":3}}},"2":{"name":"(anonymous_15)","decl":{"start":{"line":29,"column":10},"end":{"line":29,"column":15}},"loc":{"start":{"line":29,"column":54},"end":{"line":36,"column":3}}},"3":{"name":"(anonymous_16)","decl":{"start":{"line":38,"column":2},"end":{"line":38,"column":7}},"loc":{"start":{"line":38,"column":43},"end":{"line":45,"column":3}}},"4":{"name":"(anonymous_17)","decl":{"start":{"line":47,"column":10},"end":{"line":47,"column":35}},"loc":{"start":{"line":47,"column":35},"end":{"line":56,"column":3}}},"5":{"name":"(anonymous_18)","decl":{"start":{"line":58,"column":2},"end":{"line":58,"column":7}},"loc":{"start":{"line":58,"column":20},"end":{"line":63,"column":3}}},"6":{"name":"(anonymous_19)","decl":{"start":{"line":65,"column":10},"end":{"line":65,"column":15}},"loc":{"start":{"line":65,"column":36},"end":{"line":72,"column":3}}},"7":{"name":"(anonymous_20)","decl":{"start":{"line":74,"column":2},"end":{"line":74,"column":7}},"loc":{"start":{"line":74,"column":42},"end":{"line":80,"column":3}}},"8":{"name":"(anonymous_21)","decl":{"start":{"line":82,"column":10},"end":{"line":82,"column":15}},"loc":{"start":{"line":82,"column":48},"end":{"line":89,"column":3}}},"9":{"name":"(anonymous_22)","decl":{"start":{"line":91,"column":2},"end":{"line":91,"column":7}},"loc":{"start":{"line":91,"column":35},"end":{"line":95,"column":3}}},"10":{"name":"(anonymous_23)","decl":{"start":{"line":97,"column":10},"end":{"line":97,"column":31}},"loc":{"start":{"line":97,"column":48},"end":{"line":101,"column":3}}}},"branchMap":{"0":{"loc":{"start":{"line":33,"column":4},"end":{"line":35,"column":5}},"type":"if","locations":[{"start":{"line":33,"column":4},"end":{"line":35,"column":5}},{"start":{},"end":{}}]},"1":{"loc":{"start":{"line":68,"column":4},"end":{"line":70,"column":5}},"type":"if","locations":[{"start":{"line":68,"column":4},"end":{"line":70,"column":5}},{"start":{},"end":{}}]},"2":{"loc":{"start":{"line":85,"column":4},"end":{"line":87,"column":5}},"type":"if","locations":[{"start":{"line":85,"column":4},"end":{"line":87,"column":5}},{"start":{},"end":{}}]},"3":{"loc":{"start":{"line":98,"column":4},"end":{"line":100,"column":5}},"type":"if","locations":[{"start":{"line":98,"column":4},"end":{"line":100,"column":5}},{"start":{},"end":{}}]},"4":{"loc":{"start":{"line":98,"column":8},"end":{"line":98,"column":43}},"type":"binary-expr","locations":[{"start":{"line":98,"column":8},"end":{"line":98,"column":17}},{"start":{"line":98,"column":21},"end":{"line":98,"column":43}}]}},"s":{"0":1,"1":1,"2":1,"3":1,"4":1,"5":13,"6":2,"7":1,"8":2,"9":2,"10":2,"11":1,"12":5,"13":2,"14":1,"15":1,"16":2,"17":2,"18":2,"19":1,"20":1,"21":5,"22":2,"23":6,"24":6,"25":3,"26":3,"27":5,"28":2,"29":1,"30":17,"31":9,"32":1,"33":1},"f":{"0":13,"1":2,"2":2,"3":5,"4":1,"5":2,"6":2,"7":5,"8":6,"9":5,"10":17},"b":{"0":[1,1],"1":[1,1],"2":[3,3],"3":[9,8],"4":[17,11]}}
,"C:\\Users\\edils\\OneDrive\\Documentos\\code\\flutter-apps\\stockup-mobile\\backend\\src\\modules\\users\\dto\\create-user.dto.ts": {"path":"C:\\Users\\edils\\OneDrive\\Documentos\\code\\flutter-apps\\stockup-mobile\\backend\\src\\modules\\users\\dto\\create-user.dto.ts","statementMap":{"0":{"start":{"line":1,"column":0},"end":{"line":1,"column":72}},"1":{"start":{"line":2,"column":0},"end":{"line":2,"column":46}},"2":{"start":{"line":3,"column":0},"end":{"line":3,"column":46}},"3":{"start":{"line":5,"column":0},"end":{"line":5,"column":13}},"4":{"start":{"line":18,"column":2},"end":{"line":18,"column":null}},"5":{"start":{"line":29,"column":2},"end":{"line":29,"column":null}}},"fnMap":{},"branchMap":{},"s":{"0":1,"1":1,"2":1,"3":1,"4":1,"5":1},"f":{},"b":{}}
,"C:\\Users\\edils\\OneDrive\\Documentos\\code\\flutter-apps\\stockup-mobile\\backend\\src\\modules\\users\\dto\\update-user.dto.ts": {"path":"C:\\Users\\edils\\OneDrive\\Documentos\\code\\flutter-apps\\stockup-mobile\\backend\\src\\modules\\users\\dto\\update-user.dto.ts","statementMap":{"0":{"start":{"line":1,"column":0},"end":{"line":1,"column":51}},"1":{"start":{"line":2,"column":0},"end":{"line":2,"column":50}},"2":{"start":{"line":4,"column":0},"end":{"line":4,"column":13}}},"fnMap":{},"branchMap":{},"s":{"0":0,"1":0,"2":0},"f":{},"b":{}}
,"C:\\Users\\edils\\OneDrive\\Documentos\\code\\flutter-apps\\stockup-mobile\\backend\\src\\modules\\users\\dto\\users-response.dto.ts": {"path":"C:\\Users\\edils\\OneDrive\\Documentos\\code\\flutter-apps\\stockup-mobile\\backend\\src\\modules\\users\\dto\\users-response.dto.ts","statementMap":{"0":{"start":{"line":1,"column":0},"end":{"line":1,"column":46}},"1":{"start":{"line":2,"column":0},"end":{"line":2,"column":47}},"2":{"start":{"line":4,"column":0},"end":{"line":4,"column":13}},"3":{"start":{"line":9,"column":2},"end":{"line":9,"column":null}},"4":{"start":{"line":16,"column":2},"end":{"line":16,"column":null}}},"fnMap":{},"branchMap":{},"s":{"0":1,"1":1,"2":1,"3":1,"4":1},"f":{},"b":{}}
,"C:\\Users\\edils\\OneDrive\\Documentos\\code\\flutter-apps\\stockup-mobile\\backend\\src\\modules\\users\\entities\\user.entity.ts": {"path":"C:\\Users\\edils\\OneDrive\\Documentos\\code\\flutter-apps\\stockup-mobile\\backend\\src\\modules\\users\\entities\\user.entity.ts","statementMap":{"0":{"start":{"line":1,"column":0},"end":{"line":1,"column":null}},"1":{"start":{"line":10,"column":7},"end":{"line":25,"column":null}},"2":{"start":{"line":10,"column":13},"end":{"line":10,"column":17}},"3":{"start":{"line":12,"column":2},"end":{"line":12,"column":null}},"4":{"start":{"line":15,"column":2},"end":{"line":15,"column":null}},"5":{"start":{"line":18,"column":2},"end":{"line":18,"column":null}},"6":{"start":{"line":21,"column":2},"end":{"line":21,"column":null}},"7":{"start":{"line":24,"column":2},"end":{"line":24,"column":null}},"8":{"start":{"line":10,"column":13},"end":{"line":25,"column":null}}},"fnMap":{},"branchMap":{"0":{"loc":{"start":{"line":21,"column":14},"end":{"line":21,"column":19}},"type":"cond-expr","locations":[{"start":{"line":21,"column":18},"end":{"line":21,"column":19}},{"start":{"line":21,"column":18},"end":{"line":21,"column":19}}]},"1":{"loc":{"start":{"line":21,"column":14},"end":{"line":21,"column":18}},"type":"binary-expr","locations":[{"start":{"line":21,"column":14},"end":{"line":21,"column":19}},{"start":{"line":21,"column":14},"end":{"line":21,"column":18}}]},"2":{"loc":{"start":{"line":24,"column":14},"end":{"line":24,"column":19}},"type":"cond-expr","locations":[{"start":{"line":24,"column":18},"end":{"line":24,"column":19}},{"start":{"line":24,"column":18},"end":{"line":24,"column":19}}]},"3":{"loc":{"start":{"line":24,"column":14},"end":{"line":24,"column":18}},"type":"binary-expr","locations":[{"start":{"line":24,"column":14},"end":{"line":24,"column":19}},{"start":{"line":24,"column":14},"end":{"line":24,"column":18}}]}},"s":{"0":2,"1":2,"2":2,"3":2,"4":2,"5":2,"6":2,"7":2,"8":2},"f":{},"b":{"0":[2,0],"1":[2,2],"2":[2,0],"3":[2,2]}}
,"C:\\Users\\edils\\OneDrive\\Documentos\\code\\flutter-apps\\stockup-mobile\\backend\\src\\modules\\users\\enum\\errors.enum.ts": {"path":"C:\\Users\\edils\\OneDrive\\Documentos\\code\\flutter-apps\\stockup-mobile\\backend\\src\\modules\\users\\enum\\errors.enum.ts","statementMap":{"0":{"start":{"line":1,"column":0},"end":{"line":1,"column":null}},"1":{"start":{"line":2,"column":2},"end":{"line":2,"column":null}},"2":{"start":{"line":3,"column":2},"end":{"line":3,"column":null}},"3":{"start":{"line":4,"column":2},"end":{"line":4,"column":null}},"4":{"start":{"line":5,"column":2},"end":{"line":5,"column":null}},"5":{"start":{"line":7,"column":2},"end":{"line":7,"column":null}},"6":{"start":{"line":8,"column":2},"end":{"line":8,"column":null}}},"fnMap":{"0":{"name":"(anonymous_0)","decl":{"start":{"line":1,"column":0},"end":{"line":1,"column":12}},"loc":{"start":{"line":1,"column":19},"end":{"line":9,"column":1}}}},"branchMap":{"0":{"loc":{"start":{"line":1,"column":12},"end":{"line":1,"column":null}},"type":"binary-expr","locations":[{"start":{"line":1,"column":12},"end":{"line":1,"column":19}},{"start":{"line":1,"column":19},"end":{"line":1,"column":null}}]}},"s":{"0":2,"1":2,"2":2,"3":2,"4":2,"5":2,"6":2},"f":{"0":2},"b":{"0":[2,2]}}
,"C:\\Users\\edils\\OneDrive\\Documentos\\code\\flutter-apps\\stockup-mobile\\backend\\src\\modules\\users\\enum\\success.enum.ts": {"path":"C:\\Users\\edils\\OneDrive\\Documentos\\code\\flutter-apps\\stockup-mobile\\backend\\src\\modules\\users\\enum\\success.enum.ts","statementMap":{"0":{"start":{"line":1,"column":0},"end":{"line":1,"column":null}},"1":{"start":{"line":2,"column":2},"end":{"line":2,"column":null}},"2":{"start":{"line":3,"column":2},"end":{"line":3,"column":null}},"3":{"start":{"line":4,"column":2},"end":{"line":4,"column":null}},"4":{"start":{"line":6,"column":2},"end":{"line":6,"column":null}},"5":{"start":{"line":8,"column":2},"end":{"line":8,"column":null}}},"fnMap":{"0":{"name":"(anonymous_0)","decl":{"start":{"line":1,"column":0},"end":{"line":1,"column":12}},"loc":{"start":{"line":1,"column":20},"end":{"line":9,"column":1}}}},"branchMap":{"0":{"loc":{"start":{"line":1,"column":12},"end":{"line":1,"column":null}},"type":"binary-expr","locations":[{"start":{"line":1,"column":12},"end":{"line":1,"column":20}},{"start":{"line":1,"column":20},"end":{"line":1,"column":null}}]}},"s":{"0":3,"1":3,"2":3,"3":3,"4":3,"5":3},"f":{"0":3},"b":{"0":[3,3]}}
}
