TN:
SF:src\app.controller.ts
FN:6,(anonymous_2)
FN:9,(anonymous_3)
FNF:2
FNH:2
FNDA:1,(anonymous_2)
FNDA:1,(anonymous_3)
DA:1,1
DA:2,1
DA:5,1
DA:6,1
DA:9,1
DA:10,1
LF:6
LH:6
BRDA:6,0,0,1
BRDA:6,0,1,0
BRDA:6,1,0,1
BRDA:6,1,1,1
BRF:4
BRH:3
end_of_record
TN:
SF:src\app.module.ts
FN:16,(anonymous_1)
FNF:1
FNH:0
FNDA:0,(anonymous_1)
DA:1,0
DA:2,0
DA:3,0
DA:4,0
DA:5,0
DA:6,0
DA:16,0
DA:28,0
LF:8
LH:0
BRF:0
BRH:0
end_of_record
TN:
SF:src\app.service.ts
FN:5,(anonymous_1)
FNF:1
FNH:1
FNDA:1,(anonymous_1)
DA:1,1
DA:4,1
DA:6,1
LF:3
LH:3
BRF:0
BRH:0
end_of_record
TN:
SF:src\main.ts
FN:6,bootstrap
FNF:1
FNH:0
FNDA:0,bootstrap
DA:1,0
DA:2,0
DA:3,0
DA:4,0
DA:7,0
DA:10,0
DA:20,0
DA:29,0
DA:31,0
DA:33,0
DA:35,0
LF:11
LH:0
BRDA:33,0,0,0
BRDA:33,0,1,0
BRF:2
BRH:0
end_of_record
TN:
SF:src\enum\errors-global.enum.ts
FN:1,(anonymous_0)
FNF:1
FNH:1
FNDA:1,(anonymous_0)
DA:1,1
DA:2,1
LF:2
LH:2
BRDA:1,0,0,1
BRDA:1,0,1,1
BRF:2
BRH:2
end_of_record
TN:
SF:src\modules\users\users.controller.ts
FN:21,(anonymous_4)
FN:32,(anonymous_5)
FN:43,(anonymous_6)
FN:48,(anonymous_7)
FN:60,(anonymous_8)
FN:66,(anonymous_9)
FNF:6
FNH:6
FNDA:5,(anonymous_4)
FNDA:1,(anonymous_5)
FNDA:1,(anonymous_6)
FNDA:1,(anonymous_7)
FNDA:1,(anonymous_8)
FNDA:1,(anonymous_9)
DA:1,1
DA:11,1
DA:12,1
DA:15,1
DA:16,1
DA:20,1
DA:22,5
DA:32,1
DA:33,1
DA:43,1
DA:44,1
DA:48,1
DA:49,1
DA:60,1
DA:63,1
DA:67,1
LF:16
LH:16
BRDA:32,0,0,1
BRDA:32,0,1,0
BRDA:32,1,0,1
BRDA:32,1,1,1
BRDA:32,2,0,1
BRDA:32,2,1,0
BRDA:32,3,0,1
BRDA:32,3,1,1
BRDA:43,4,0,1
BRDA:43,4,1,0
BRDA:43,5,0,1
BRDA:43,5,1,1
BRDA:48,6,0,1
BRDA:48,6,1,0
BRDA:48,7,0,1
BRDA:48,7,1,1
BRDA:62,8,0,1
BRDA:62,8,1,0
BRDA:62,9,0,1
BRDA:62,9,1,1
BRF:20
BRH:15
end_of_record
TN:
SF:src\modules\users\users.module.ts
FNF:0
FNH:0
DA:1,0
DA:2,0
DA:3,0
DA:4,0
DA:5,0
DA:6,0
DA:16,0
LF:7
LH:0
BRF:0
BRH:0
end_of_record
TN:
SF:src\modules\users\users.repository.ts
FN:12,(anonymous_4)
FN:16,(anonymous_5)
FN:28,(anonymous_6)
FN:45,(anonymous_7)
FNF:4
FNH:4
FNDA:8,(anonymous_4)
FNDA:2,(anonymous_5)
FNDA:3,(anonymous_6)
FNDA:3,(anonymous_7)
DA:1,1
DA:4,1
DA:5,1
DA:6,1
DA:7,1
DA:8,1
DA:11,1
DA:13,8
DA:17,2
DA:18,2
DA:20,2
DA:22,1
DA:24,1
DA:29,3
DA:30,3
DA:39,2
DA:41,1
DA:46,3
DA:47,3
DA:57,1
LF:20
LH:20
BRDA:39,0,0,1
BRDA:39,0,1,1
BRDA:13,1,0,1
BRDA:13,1,1,0
BRDA:13,2,0,1
BRDA:13,2,1,1
BRF:6
BRH:5
end_of_record
TN:
SF:src\modules\users\users.service.ts
FN:19,(anonymous_13)
FN:24,(anonymous_14)
FN:29,(anonymous_15)
FN:38,(anonymous_16)
FN:47,(anonymous_17)
FN:58,(anonymous_18)
FN:65,(anonymous_19)
FN:74,(anonymous_20)
FN:82,(anonymous_21)
FN:91,(anonymous_22)
FN:97,(anonymous_23)
FNF:11
FNH:11
FNDA:13,(anonymous_13)
FNDA:2,(anonymous_14)
FNDA:2,(anonymous_15)
FNDA:5,(anonymous_16)
FNDA:1,(anonymous_17)
FNDA:2,(anonymous_18)
FNDA:2,(anonymous_19)
FNDA:5,(anonymous_20)
FNDA:6,(anonymous_21)
FNDA:5,(anonymous_22)
FNDA:17,(anonymous_23)
DA:1,1
DA:12,1
DA:13,1
DA:15,1
DA:18,1
DA:21,13
DA:25,2
DA:26,1
DA:30,2
DA:32,2
DA:33,2
DA:34,1
DA:39,5
DA:40,2
DA:41,1
DA:48,1
DA:59,2
DA:67,2
DA:68,2
DA:69,1
DA:71,1
DA:75,5
DA:76,2
DA:84,6
DA:85,6
DA:86,3
DA:88,3
DA:92,5
DA:93,2
DA:94,1
DA:98,17
DA:99,9
LF:32
LH:32
BRDA:33,0,0,1
BRDA:33,0,1,1
BRDA:68,1,0,1
BRDA:68,1,1,1
BRDA:85,2,0,3
BRDA:85,2,1,3
BRDA:98,3,0,9
BRDA:98,3,1,8
BRDA:98,4,0,17
BRDA:98,4,1,11
BRF:10
BRH:10
end_of_record
TN:
SF:src\modules\users\dto\create-user.dto.ts
FNF:0
FNH:0
DA:1,1
DA:2,1
DA:3,1
DA:5,1
DA:18,1
DA:29,1
LF:6
LH:6
BRF:0
BRH:0
end_of_record
TN:
SF:src\modules\users\dto\update-user.dto.ts
FNF:0
FNH:0
DA:1,0
DA:2,0
DA:4,0
LF:3
LH:0
BRF:0
BRH:0
end_of_record
TN:
SF:src\modules\users\dto\users-response.dto.ts
FNF:0
FNH:0
DA:1,1
DA:2,1
DA:4,1
DA:9,1
DA:16,1
LF:5
LH:5
BRF:0
BRH:0
end_of_record
TN:
SF:src\modules\users\entities\user.entity.ts
FNF:0
FNH:0
DA:1,2
DA:10,2
DA:12,2
DA:15,2
DA:18,2
DA:21,2
DA:24,2
LF:7
LH:7
BRDA:21,0,0,2
BRDA:21,0,1,0
BRDA:21,1,0,2
BRDA:21,1,1,2
BRDA:24,2,0,2
BRDA:24,2,1,0
BRDA:24,3,0,2
BRDA:24,3,1,2
BRF:8
BRH:6
end_of_record
TN:
SF:src\modules\users\enum\errors.enum.ts
FN:1,(anonymous_0)
FNF:1
FNH:1
FNDA:2,(anonymous_0)
DA:1,2
DA:2,2
DA:3,2
DA:4,2
DA:5,2
DA:7,2
DA:8,2
LF:7
LH:7
BRDA:1,0,0,2
BRDA:1,0,1,2
BRF:2
BRH:2
end_of_record
TN:
SF:src\modules\users\enum\success.enum.ts
FN:1,(anonymous_0)
FNF:1
FNH:1
FNDA:3,(anonymous_0)
DA:1,3
DA:2,3
DA:3,3
DA:4,3
DA:6,3
DA:8,3
LF:6
LH:6
BRDA:1,0,0,3
BRDA:1,0,1,3
BRF:2
BRH:2
end_of_record
